d:\docs\github\fyp-prep\audio\c++synth\wav_writer\procaudiogenerator\x64\debug\vc143.pdb
d:\docs\github\fyp-prep\audio\c++synth\wav_writer\procaudiogenerator\x64\debug\vc143.idb
d:\docs\github\fyp-prep\audio\c++synth\wav_writer\procaudiogenerator\x64\debug\writetowav.obj
d:\docs\github\fyp-prep\audio\c++synth\wav_writer\procaudiogenerator\x64\debug\soundgenerator.obj
d:\docs\github\fyp-prep\audio\c++synth\wav_writer\procaudiogenerator\x64\debug\oscillator.obj
d:\docs\github\fyp-prep\audio\c++synth\wav_writer\procaudiogenerator\x64\debug\midiparser.obj
d:\docs\github\fyp-prep\audio\c++synth\wav_writer\procaudiogenerator\x64\debug\midimessage.obj
d:\docs\github\fyp-prep\audio\c++synth\wav_writer\procaudiogenerator\x64\debug\midifile.obj
d:\docs\github\fyp-prep\audio\c++synth\wav_writer\procaudiogenerator\x64\debug\midieventlist.obj
d:\docs\github\fyp-prep\audio\c++synth\wav_writer\procaudiogenerator\x64\debug\midievent.obj
d:\docs\github\fyp-prep\audio\c++synth\wav_writer\procaudiogenerator\x64\debug\binasc.obj
d:\docs\github\fyp-prep\audio\c++synth\wav_writer\procaudiogenerator\x64\debug\markovchain.obj
d:\docs\github\fyp-prep\audio\c++synth\wav_writer\procaudiogenerator\x64\debug\main.obj
d:\docs\github\fyp-prep\audio\c++synth\wav_writer\procaudiogenerator\x64\debug\instrument.obj
d:\docs\github\fyp-prep\audio\c++synth\wav_writer\procaudiogenerator\x64\debug\fouriertransformation.obj
d:\docs\github\fyp-prep\audio\c++synth\wav_writer\procaudiogenerator\x64\debug\envelopes.obj
d:\docs\github\fyp-prep\audio\c++synth\wav_writer\procaudiogenerator\x64\debug\procaudiogenerator.pdb
d:\docs\github\fyp-prep\audio\c++synth\wav_writer\procaudiogenerator\x64\debug\procaudi.066b7df7.tlog\cl.command.1.tlog
d:\docs\github\fyp-prep\audio\c++synth\wav_writer\procaudiogenerator\x64\debug\procaudi.066b7df7.tlog\cl.read.1.tlog
d:\docs\github\fyp-prep\audio\c++synth\wav_writer\procaudiogenerator\x64\debug\procaudi.066b7df7.tlog\cl.write.1.tlog
d:\docs\github\fyp-prep\audio\c++synth\wav_writer\procaudiogenerator\x64\debug\procaudi.066b7df7.tlog\link.command.1.tlog
d:\docs\github\fyp-prep\audio\c++synth\wav_writer\procaudiogenerator\x64\debug\procaudi.066b7df7.tlog\link.read.1.tlog
d:\docs\github\fyp-prep\audio\c++synth\wav_writer\procaudiogenerator\x64\debug\procaudi.066b7df7.tlog\link.write.1.tlog
